
> frontend@0.1.0 dev
> next dev

   ▲ Next.js 15.3.5
   - Local:        http://localhost:3000
   - Network:      http://10.64.12.228:3000
   - Environments: .env.local

 ✓ Starting...
 ✓ Ready in 1809ms
 ✓ Compiled /middleware in 266ms (269 modules)
 ○ Compiling / ...
 ✓ Compiled / in 6.1s (2439 modules)
 HEAD / 200 in 6826ms
 GET / 200 in 463ms
 GET / 200 in 138ms
 ✓ Compiled /favicon.ico in 481ms (1334 modules)
 GET /favicon.ico 200 in 571ms
 GET / 200 in 620ms
 GET /favicon.ico 200 in 35ms
 GET / 200 in 204ms
 GET /favicon.ico 200 in 7ms
 ○ Compiling /sign-in/[[...sign-in]] ...
 ✓ Compiled /sign-in/[[...sign-in]] in 1183ms (2295 modules)
 GET /sign-in 200 in 2383ms
 GET /sign-in 200 in 23ms
 GET /favicon.ico 200 in 14ms
 GET /sign-in/SignIn_clerk_catchall_check_1758125252597 200 in 139ms
 GET /sign-in/sso-callback?after_sign_in_url=http%3A%2F%2Flocalhost%3A3000%2Fdashboard&after_sign_up_url=http%3A%2F%2Flocalhost%3A3000%2Fdashboard 200 in 128ms
 GET /favicon.ico 200 in 14ms
 GET /sign-in/sso-callback/SignIn_clerk_catchall_check_1758125310220 200 in 73ms
 POST /sign-in/sso-callback?after_sign_in_url=http%3A%2F%2Flocalhost%3A3000%2Fdashboard&after_sign_up_url=http%3A%2F%2Flocalhost%3A3000%2Fdashboard 200 in 74ms
 ○ Compiling /dashboard ...
 ✓ Compiled /dashboard in 3.5s (3804 modules)
 GET /dashboard 200 in 3793ms
 GET /favicon.ico 200 in 94ms
 GET /dashboard 200 in 113ms
 GET /dashboard 200 in 391ms
 GET /favicon.ico 200 in 7ms
 ○ Compiling /dashboard/webhooks ...
 ✓ Compiled /dashboard/webhooks in 1171ms (3651 modules)
 GET /dashboard/webhooks 200 in 1470ms
 GET /favicon.ico 200 in 15ms
 GET /favicon.ico 200 in 36ms
 GET /dashboard/webhooks 200 in 20ms
 GET /favicon.ico 200 in 9ms
 GET /favicon.ico 200 in 27ms
 ○ Compiling /dashboard/campaigns ...
 ✓ Compiled /dashboard/campaigns in 1652ms (3765 modules)
 GET /dashboard/campaigns 200 in 1833ms
 GET /favicon.ico 200 in 22ms
 HEAD / 200 in 583ms
 GET /dashboard/campaigns 200 in 217ms
 GET /favicon.ico 200 in 39ms
 GET /favicon.ico 200 in 39ms
 GET /dashboard 200 in 48ms
 GET /dashboard/campaigns 200 in 26ms
 GET /favicon.ico 200 in 13ms
 GET /favicon.ico 200 in 96ms
 GET /dashboard/campaigns 200 in 20ms
 GET /favicon.ico 200 in 6ms
 GET /favicon.ico 200 in 24ms
 GET /dashboard/campaigns 200 in 20ms
 GET /favicon.ico 200 in 9ms
 GET /favicon.ico 200 in 89ms
 ○ Compiling /dashboard/settings/[[...rest]] ...
 ✓ Compiled /dashboard/settings/[[...rest]] in 2.6s (3780 modules)
 GET /dashboard/settings 200 in 3676ms
 ○ Compiling /favicon.ico ...
 ✓ Compiled /favicon.ico in 1612ms (3769 modules)
 GET /favicon.ico 200 in 2245ms
 GET /api/campaigns 404 in 2284ms
 GET /api/campaigns 404 in 39ms
 GET /dashboard/settings/UserProfile_clerk_catchall_check_1758126505853 200 in 174ms
 GET /favicon.ico 200 in 34ms
 GET /dashboard/campaigns 200 in 58ms
 GET /favicon.ico 200 in 17ms
 GET /favicon.ico 200 in 86ms
 GET /dashboard/settings 200 in 22ms
 GET /favicon.ico 200 in 84ms
 GET /api/campaigns 404 in 88ms
 GET /api/campaigns 404 in 40ms
 GET /favicon.ico 200 in 12ms
 GET /dashboard 200 in 815ms
 GET /favicon.ico 200 in 12ms
 GET /dashboard/campaigns 200 in 49ms
 GET /favicon.ico 200 in 9ms
 GET /favicon.ico 200 in 121ms
 GET /dashboard/campaigns 200 in 18ms
 GET /favicon.ico 200 in 10ms
 GET /favicon.ico 200 in 16ms
 GET /dashboard/campaigns 200 in 34ms
 GET /favicon.ico 200 in 15ms
 GET /favicon.ico 200 in 101ms
 GET /dashboard 200 in 103ms
 GET /favicon.ico 200 in 10ms
 GET /dashboard/campaigns 200 in 16ms
 GET /favicon.ico 200 in 8ms
 GET /favicon.ico 200 in 95ms
 GET /dashboard/campaigns 200 in 37ms
 GET /favicon.ico 200 in 9ms
 GET /favicon.ico 200 in 48ms
 GET /dashboard/campaigns 200 in 14ms
 GET /favicon.ico 200 in 8ms
 GET /favicon.ico 200 in 15ms
 GET /dashboard/campaigns 200 in 15ms
 GET /favicon.ico 200 in 7ms
 GET /favicon.ico 200 in 63ms
 GET /dashboard/campaigns 200 in 24ms
 GET /favicon.ico 200 in 8ms
 GET /favicon.ico 200 in 10ms
 GET /dashboard 200 in 113ms
 GET /favicon.ico 200 in 8ms
 GET /dashboard/campaigns 200 in 34ms
 GET /favicon.ico 200 in 10ms
 GET /favicon.ico 200 in 11ms
